<?xml version="1.0" encoding="UTF-8"?>
<!-- Generated by org.testng.reporters.JUnitXMLReporter -->
<testsuite ignored="0" hostname="LAPTOP-2RK5HRGB" failures="2" tests="4" name="Tests" time="51.152" errors="0" timestamp="2021-09-01T13:35:27 IST">
  <testcase classname="com.mainProject.testCases.TC_LoginTest_001" name="loginTest" time="6.762"/>
  <testcase classname="com.mainProject.testCases.fbLogintTest" name="fbLogintest" time="2.061">
    <failure type="java.lang.AssertionError" message="expected [false] but found [true]">
      <![CDATA[java.lang.AssertionError: expected [false] but found [true]
at com.mainProject.testCases.fbLogintTest.fbLogintest(fbLogintTest.java:20)
at java.base/java.util.ArrayList.forEach(ArrayList.java:1541)
... Removed 37 stack frames]]>
    </failure>
  </testcase> <!-- fbLogintest -->
  <testcase classname="com.mainProject.testCases.LoginTestDemo" name="DemoLoginTest" time="4.614">
    <failure type="java.lang.AssertionError" message="expected [true] but found [false]">
      <![CDATA[java.lang.AssertionError: expected [true] but found [false]
at com.mainProject.testCases.LoginTestDemo.DemoLoginTest(LoginTestDemo.java:18)
at java.base/java.util.ArrayList.forEach(ArrayList.java:1541)
... Removed 37 stack frames]]>
    </failure>
  </testcase> <!-- DemoLoginTest -->
  <testcase classname="com.mainProject.testCases.NewCustomerTest" name="NewcustomerTest" time="7.964"/>
</testsuite> <!-- Tests -->
