<?xml version="1.0" encoding="UTF-8"?>
<!-- Generated by org.testng.reporters.JUnitXMLReporter -->
<testsuite ignored="0" hostname="LAPTOP-2RK5HRGB" failures="2" tests="4" name="Tests" time="39.427" errors="0" timestamp="2021-09-01T12:09:16 IST">
  <testcase classname="com.mainProject.testCases.TC_LoginTest_001" name="loginTest" time="3.758"/>
  <testcase classname="com.mainProject.testCases.fbLogintTest" name="fbLogintest" time="1.414">
    <failure type="java.lang.AssertionError" message="expected [false] but found [true]">
      <![CDATA[java.lang.AssertionError: expected [false] but found [true]
at com.mainProject.testCases.fbLogintTest.fbLogintest(fbLogintTest.java:19)
at java.base/java.util.ArrayList.forEach(ArrayList.java:1541)
... Removed 33 stack frames]]>
    </failure>
  </testcase> <!-- fbLogintest -->
  <testcase classname="com.mainProject.testCases.LoginTestDemo" name="DemoLoginTest" time="3.111">
    <failure type="java.lang.AssertionError" message="expected [true] but found [false]">
      <![CDATA[java.lang.AssertionError: expected [true] but found [false]
at com.mainProject.testCases.LoginTestDemo.DemoLoginTest(LoginTestDemo.java:17)
at java.base/java.util.ArrayList.forEach(ArrayList.java:1541)
... Removed 33 stack frames]]>
    </failure>
  </testcase> <!-- DemoLoginTest -->
  <testcase classname="com.mainProject.testCases.NewCustomerTest" name="NewcustomerTest" time="5.265"/>
</testsuite> <!-- Tests -->
